<?xml version="1.0" encoding="UTF-8"?>
<testsuite name="Spek" tests="7" skipped="0" failures="0" errors="0" time="0.023" hostname="ECS-Mac-August.local" timestamp="2017-07-07T16:22:39">
<properties>
<property name="awt.toolkit" value="sun.lwawt.macosx.LWCToolkit"/>
<property name="file.encoding" value="UTF-8"/>
<property name="file.encoding.pkg" value="sun.io"/>
<property name="file.separator" value="/"/>
<property name="ftp.nonProxyHosts" value="local|*.local|169.254/16|*.169.254/16"/>
<property name="gopherProxySet" value="false"/>
<property name="http.nonProxyHosts" value="local|*.local|169.254/16|*.169.254/16"/>
<property name="java.awt.graphicsenv" value="sun.awt.CGraphicsEnvironment"/>
<property name="java.awt.printerjob" value="sun.lwawt.macosx.CPrinterJob"/>
<property name="java.class.path" value="/Users/eugene/Documents/workspace/tritandb-kt/build/classes/test:/Users/eugene/Documents/workspace/tritandb-kt/build/resources/test:/Users/eugene/Documents/workspace/tritandb-kt/build/classes/main:/Users/eugene/Documents/workspace/tritandb-kt/build/resources/main:/Users/eugene/.gradle/caches/modules-2/files-2.1/org.jetbrains.kotlin/kotlin-stdlib/1.1.3/e51ebc59da5103a2052859e89682c7f9c3456298/kotlin-stdlib-1.1.3.jar:/Users/eugene/.gradle/caches/modules-2/files-2.1/org.jetbrains.kotlin/kotlin-reflect/1.1.3/bfc9458443666b1be1d66813f3a90a03afa30730/kotlin-reflect-1.1.3.jar:/Users/eugene/.gradle/caches/modules-2/files-2.1/com.lmax/disruptor/3.3.6/9bfca4ee4f691f3737b3f4f006d0c4770f178eb/disruptor-3.3.6.jar:/Users/eugene/.gradle/caches/modules-2/files-2.1/com.google.protobuf/protobuf-java/3.3.0/9f301d1a27501b1afcb2ed16aad428337dabf9e4/protobuf-java-3.3.0.jar:/Users/eugene/.gradle/caches/modules-2/files-2.1/com.natpryce/konfig/1.6.1.0/deb3fb0a440eced4ed52de0d1d5be4f2e9ab3f13/konfig-1.6.1.0.jar:/Users/eugene/.gradle/caches/modules-2/files-2.1/org.zeromq/jeromq/0.4.0/e2b29317d64f78618f23c7d2fdda31ef7223f2b/jeromq-0.4.0.jar:/Users/eugene/.gradle/caches/modules-2/files-2.1/org.mapdb/mapdb/3.0.4/36d8fefc69caec455e5154c99e367b93ccf6970c/mapdb-3.0.4.jar:/Users/eugene/.gradle/caches/modules-2/files-2.1/org.apache.jena/jena-arq/3.3.0/c2fb1ae2119348555afdc712501ab0847c34597/jena-arq-3.3.0.jar:/Users/eugene/.gradle/caches/modules-2/files-2.1/org.apache.jena/jena-core/3.3.0/b85d257f74858c3c2ff1e45d9eac6998a8122dbe/jena-core-3.3.0.jar:/Users/eugene/.gradle/caches/modules-2/files-2.1/org.jetbrains.kotlinx/kotlinx-coroutines-core/0.16/96b56c8a7b6554494d611e2d71efe11d4a2d4608/kotlinx-coroutines-core-0.16.jar:/Users/eugene/.gradle/caches/modules-2/files-2.1/com.indeed/lsmtree-core/1.0.7/3d83d8497fa3d627a26b3edba1f9b38a87ab217/lsmtree-core-1.0.7.jar:/Users/eugene/.gradle/caches/modules-2/files-2.1/com.nhaarman/mockito-kotlin/1.4.0/24ed05c208a545589b24c1fbc81b710d3b79c5a8/mockito-kotlin-1.4.0.jar:/Users/eugene/.gradle/caches/modules-2/files-2.1/org.jetbrains.kotlin/kotlin-test/1.1.3/69530b3566590894f4d30ff29d5c96c4ff26125e/kotlin-test-1.1.3.jar:/Users/eugene/.gradle/caches/modules-2/files-2.1/org.jetbrains.spek/spek-api/1.1.2/879088ec3b4fc9c636920a60aaac642bfb4d4824/spek-api-1.1.2.jar:/Users/eugene/.gradle/caches/modules-2/files-2.1/org.junit.jupiter/junit-jupiter-api/5.0.0-M4/50f95d68c674a30374c5f50e6ad5212d2c1a3cec/junit-jupiter-api-5.0.0-M4.jar:/Users/eugene/.gradle/caches/modules-2/files-2.1/org.jetbrains.spek/spek-junit-platform-engine/1.1.2/49ae6e0e7e724b5b0522a2431a2b562b3ea2b6dd/spek-junit-platform-engine-1.1.2.jar:/Users/eugene/.gradle/caches/modules-2/files-2.1/org.jetbrains/annotations/13.0/919f0dfe192fb4e063e7dacadee7f8bb9a2672a9/annotations-13.0.jar:/Users/eugene/.gradle/caches/modules-2/files-2.1/org.eclipse.collections/eclipse-collections-api/7.1.1/806c2b3bef5364d1a1668f25ce70100fa2c6b919/eclipse-collections-api-7.1.1.jar:/Users/eugene/.gradle/caches/modules-2/files-2.1/org.eclipse.collections/eclipse-collections/7.1.1/83eca9f03f1f2d055df453d72036c5ce2e82896b/eclipse-collections-7.1.1.jar:/Users/eugene/.gradle/caches/modules-2/files-2.1/org.eclipse.collections/eclipse-collections-forkjoin/7.1.1/892b970cb03461f8c10daba778edbef3f0a26846/eclipse-collections-forkjoin-7.1.1.jar:/Users/eugene/.gradle/caches/modules-2/files-2.1/com.google.guava/guava/19.0/6ce200f6b23222af3d8abb6b6459e6c44f4bb0e9/guava-19.0.jar:/Users/eugene/.gradle/caches/modules-2/files-2.1/net.jpountz.lz4/lz4/1.3.0/c708bb2590c0652a642236ef45d9f99ff842a2ce/lz4-1.3.0.jar:/Users/eugene/.gradle/caches/modules-2/files-2.1/org.mapdb/elsa/3.0.0-M5/d7c1920d084e741e04844f512af24012e745e809/elsa-3.0.0-M5.jar:/Users/eugene/.gradle/caches/modules-2/files-2.1/org.apache.jena/jena-shaded-guava/3.3.0/9218516c75ae633166457c37abd1173bee59d42/jena-shaded-guava-3.3.0.jar:/Users/eugene/.gradle/caches/modules-2/files-2.1/org.apache.httpcomponents/httpclient/4.5.2/733db77aa8d9b2d68015189df76ab06304406e50/httpclient-4.5.2.jar:/Users/eugene/.gradle/caches/modules-2/files-2.1/com.github.jsonld-java/jsonld-java/0.9.0/e8a0f17707084a62b247faaef8133d20f2acf140/jsonld-java-0.9.0.jar:/Users/eugene/.gradle/caches/modules-2/files-2.1/org.apache.httpcomponents/httpclient-cache/4.5.2/bd50ea83908dbf2f387a333216e66d2f0c5079bd/httpclient-cache-4.5.2.jar:/Users/eugene/.gradle/caches/modules-2/files-2.1/org.apache.thrift/libthrift/0.9.3/8625e8f9b6f49b881fa5fd143172c2833df1ce47/libthrift-0.9.3.jar:/Users/eugene/.gradle/caches/modules-2/files-2.1/org.slf4j/jcl-over-slf4j/1.7.21/331b564a3a42f002a0004b039c1c430da89062cd/jcl-over-slf4j-1.7.21.jar:/Users/eugene/.gradle/caches/modules-2/files-2.1/org.apache.commons/commons-csv/1.3/aeed8320e1b86b27e0b477a898eb7dd049526963/commons-csv-1.3.jar:/Users/eugene/.gradle/caches/modules-2/files-2.1/org.apache.commons/commons-lang3/3.4/5fe28b9518e58819180a43a850fbc0dd24b7c050/commons-lang3-3.4.jar:/Users/eugene/.gradle/caches/modules-2/files-2.1/org.slf4j/slf4j-api/1.7.21/139535a69a4239db087de9bab0bee568bf8e0b70/slf4j-api-1.7.21.jar:/Users/eugene/.gradle/caches/modules-2/files-2.1/org.apache.jena/jena-iri/3.3.0/e47c4931f7578a83b5dc469f37fbb0c1c6d4a415/jena-iri-3.3.0.jar:/Users/eugene/.gradle/caches/modules-2/files-2.1/xerces/xercesImpl/2.11.0/9bb329db1cfc4e22462c9d6b43a8432f5850e92c/xercesImpl-2.11.0.jar:/Users/eugene/.gradle/caches/modules-2/files-2.1/commons-cli/commons-cli/1.3/a48653b6bcd06b5e61ed63739ca601701fcb6a6c/commons-cli-1.3.jar:/Users/eugene/.gradle/caches/modules-2/files-2.1/org.apache.jena/jena-base/3.3.0/e32d149526fa38791e66b243c4f74d5ef2d9ac7d/jena-base-3.3.0.jar:/Users/eugene/.gradle/caches/modules-2/files-2.1/com.indeed/lsmtree-recordlog/1.0.7/583f81bcd53e34eff28f5268245dd7a54642a0f8/lsmtree-recordlog-1.0.7.jar:/Users/eugene/.gradle/caches/modules-2/files-2.1/com.indeed/util-compress/1.0.24/18891485682fdc5124e1ef28637cf2bc9be011f/util-compress-1.0.24.jar:/Users/eugene/.gradle/caches/modules-2/files-2.1/com.indeed/util-core/1.0.24/bf981a186a0964e77ed69e6b22926525f49bb1ef/util-core-1.0.24.jar:/Users/eugene/.gradle/caches/modules-2/files-2.1/com.indeed/util-io/1.0.24/d0cc581e1ba0fe90afc4e1d7738c4ce62f1029d2/util-io-1.0.24.jar:/Users/eugene/.gradle/caches/modules-2/files-2.1/com.indeed/util-mmap/1.0.24/2ed54240e06d741cd70aed3ef3783c79c6445277/util-mmap-1.0.24.jar:/Users/eugene/.gradle/caches/modules-2/files-2.1/com.indeed/util-serialization/1.0.24/7140d825d3c521a1122c21f34e116723fe40b8/util-serialization-1.0.24.jar:/Users/eugene/.gradle/caches/modules-2/files-2.1/commons-collections/commons-collections/3.2.2/8ad72fe39fa8c91eaaf12aadb21e0c3661fe26d5/commons-collections-3.2.2.jar:/Users/eugene/.gradle/caches/modules-2/files-2.1/it.unimi.dsi/fastutil/6.2.2/8f61b4699dbe422070ad3c0d3e1ccb9d283e8bd4/fastutil-6.2.2.jar:/Users/eugene/.gradle/caches/modules-2/files-2.1/org.codehaus.jackson/jackson-core-asl/1.8.0/62e892d80422a13788bf2c3673a1fcdf51548eff/jackson-core-asl-1.8.0.jar:/Users/eugene/.gradle/caches/modules-2/files-2.1/org.codehaus.jackson/jackson-mapper-asl/1.8.0/113522987bfa204b5230225d73381405c927a1b6/jackson-mapper-asl-1.8.0.jar:/Users/eugene/.gradle/caches/modules-2/files-2.1/org.yaml/snakeyaml/1.10/32634ca71ed45db1a7f6b0f9e24c648466b40f1/snakeyaml-1.10.jar:/Users/eugene/.gradle/caches/modules-2/files-2.1/log4j/log4j/1.2.17/5af35056b4d257e4b64b9e8069c0746e8b08629f/log4j-1.2.17.jar:/Users/eugene/.gradle/caches/modules-2/files-2.1/org.mockito/mockito-core/2.7.21/23e9f7bfb9717e849a05b84c29ee3ac723f1a653/mockito-core-2.7.21.jar:/Users/eugene/.gradle/caches/modules-2/files-2.1/org.opentest4j/opentest4j/1.0.0-M2/e2caa64702a83336d3dd32c7f69c1f092156df6d/opentest4j-1.0.0-M2.jar:/Users/eugene/.gradle/caches/modules-2/files-2.1/org.junit.platform/junit-platform-commons/1.0.0-M4/359eb461814bd7356de541d131d45473d394a168/junit-platform-commons-1.0.0-M4.jar:/Users/eugene/.gradle/caches/modules-2/files-2.1/net.jcip/jcip-annotations/1.0/afba4942caaeaf46aab0b976afd57cc7c181467e/jcip-annotations-1.0.jar:/Users/eugene/.gradle/caches/modules-2/files-2.1/org.apache.httpcomponents/httpcore/4.4.4/b31526a230871fbe285fbcbe2813f9c0839ae9b0/httpcore-4.4.4.jar:/Users/eugene/.gradle/caches/modules-2/files-2.1/com.fasterxml.jackson.core/jackson-core/2.7.4/b8f38a249116b66d804a5ca2b14a3459b7913a94/jackson-core-2.7.4.jar:/Users/eugene/.gradle/caches/modules-2/files-2.1/com.fasterxml.jackson.core/jackson-databind/2.7.4/1e9c6f3659644aeac84872c3b62d8e363bf4c96d/jackson-databind-2.7.4.jar:/Users/eugene/.gradle/caches/modules-2/files-2.1/xml-apis/xml-apis/1.4.01/3789d9fada2d3d458c4ba2de349d48780f381ee3/xml-apis-1.4.01.jar:/Users/eugene/.gradle/caches/modules-2/files-2.1/com.github.andrewoma.dexx/collection/0.6/9364d0beacd4dbb3168a274b1dc4fef1a4023616/collection-0.6.jar:/Users/eugene/.gradle/caches/modules-2/files-2.1/com.indeed/util-varexport/1.0.24/37aa80634d292cea1687dd850ffe301916d6e22e/util-varexport-1.0.24.jar:/Users/eugene/.gradle/caches/modules-2/files-2.1/org.functionaljava/functionaljava/3.0/b44a9ca1944da460989c33ae90b61669cac2fb21/functionaljava-3.0.jar:/Users/eugene/.gradle/caches/modules-2/files-2.1/joda-time/joda-time/2.0/752c0fe8a5b2d6704c9d9d6f06d9abdcacf4045d/joda-time-2.0.jar:/Users/eugene/.gradle/caches/modules-2/files-2.1/commons-lang/commons-lang/2.6/ce1edb914c94ebc388f086c6827e8bdeec71ac2/commons-lang-2.6.jar:/Users/eugene/.gradle/caches/modules-2/files-2.1/net.bytebuddy/byte-buddy/1.6.11/8a8f9409e27f1d62c909c7eef2aa7b3a580b4901/byte-buddy-1.6.11.jar:/Users/eugene/.gradle/caches/modules-2/files-2.1/net.bytebuddy/byte-buddy-agent/1.6.11/200d9c012befccd211ff91082a151257b1dc084/byte-buddy-agent-1.6.11.jar:/Users/eugene/.gradle/caches/modules-2/files-2.1/org.objenesis/objenesis/2.5/612ecb799912ccf77cba9b3ed8c813da086076e9/objenesis-2.5.jar:/Users/eugene/.gradle/caches/modules-2/files-2.1/com.fasterxml.jackson.core/jackson-annotations/2.7.0/19f42c154ffc689f40a77613bc32caeb17d744e3/jackson-annotations-2.7.0.jar:/Users/eugene/.gradle/caches/modules-2/files-2.1/org.freemarker/freemarker/2.3.16/71743c024b499aa5dfa5d671b283991f330bade0/freemarker-2.3.16.jar:/Users/eugene/.gradle/caches/modules-2/files-2.1/commons-codec/commons-codec/1.9/9ce04e34240f674bc72680f8b843b1457383161a/commons-codec-1.9.jar:/Users/eugene/.gradle/caches/modules-2/files-2.1/commons-io/commons-io/2.5/2852e6e05fbb95076fc091f6d1780f1f8fe35e0f/commons-io-2.5.jar:/Users/eugene/.gradle/caches/modules-2/files-2.1/commons-logging/commons-logging/1.2/4bfc12adfe4842bf07b657f0369c4cb522955686/commons-logging-1.2.jar:/Users/eugene/.gradle/caches/modules-2/files-2.1/com.google.code.findbugs/jsr305/3.0.0/5871fb60dc68d67da54a663c3fd636a10a532948/jsr305-3.0.0.jar:/Users/eugene/.gradle/caches/modules-2/files-2.1/org.junit.platform/junit-platform-launcher/1.0.0-M4/d4e3657bc7cf204d6b9b55f0387fedc6eaad55fa/junit-platform-launcher-1.0.0-M4.jar:/Users/eugene/.gradle/caches/modules-2/files-2.1/org.junit.platform/junit-platform-console/1.0.0-M4/82da9da502b1fe187bed5f5152746696aad19fae/junit-platform-console-1.0.0-M4.jar:/Users/eugene/.gradle/caches/modules-2/files-2.1/org.junit.platform/junit-platform-engine/1.0.0-M4/5e65bdd2d623dfc6a405911a6449f2c60808b0af/junit-platform-engine-1.0.0-M4.jar"/>
<property name="java.class.version" value="52.0"/>
<property name="java.endorsed.dirs" value="/Library/Java/JavaVirtualMachines/jdk1.8.0_40.jdk/Contents/Home/jre/lib/endorsed"/>
<property name="java.ext.dirs" value="/Users/eugene/Library/Java/Extensions:/Library/Java/JavaVirtualMachines/jdk1.8.0_40.jdk/Contents/Home/jre/lib/ext:/Library/Java/Extensions:/Network/Library/Java/Extensions:/System/Library/Java/Extensions:/usr/lib/java"/>
<property name="java.home" value="/Library/Java/JavaVirtualMachines/jdk1.8.0_40.jdk/Contents/Home/jre"/>
<property name="java.io.tmpdir" value="/var/folders/bm/l_yhcr911wv7_tf_ywk2h2mh0000gn/T/"/>
<property name="java.library.path" value="/Users/eugene/Library/Java/Extensions:/Library/Java/Extensions:/Network/Library/Java/Extensions:/System/Library/Java/Extensions:/usr/lib/java:."/>
<property name="java.runtime.name" value="Java(TM) SE Runtime Environment"/>
<property name="java.runtime.version" value="1.8.0_40-b25"/>
<property name="java.specification.name" value="Java Platform API Specification"/>
<property name="java.specification.vendor" value="Oracle Corporation"/>
<property name="java.specification.version" value="1.8"/>
<property name="java.vendor" value="Oracle Corporation"/>
<property name="java.vendor.url" value="http://java.oracle.com/"/>
<property name="java.vendor.url.bug" value="http://bugreport.sun.com/bugreport/"/>
<property name="java.version" value="1.8.0_40"/>
<property name="java.vm.info" value="mixed mode"/>
<property name="java.vm.name" value="Java HotSpot(TM) 64-Bit Server VM"/>
<property name="java.vm.specification.name" value="Java Virtual Machine Specification"/>
<property name="java.vm.specification.vendor" value="Oracle Corporation"/>
<property name="java.vm.specification.version" value="1.8"/>
<property name="java.vm.vendor" value="Oracle Corporation"/>
<property name="java.vm.version" value="25.40-b25"/>
<property name="line.separator" value="
"/>
<property name="os.arch" value="x86_64"/>
<property name="os.name" value="Mac OS X"/>
<property name="os.version" value="10.12.5"/>
<property name="path.separator" value=":"/>
<property name="socksNonProxyHosts" value="local|*.local|169.254/16|*.169.254/16"/>
<property name="sun.arch.data.model" value="64"/>
<property name="sun.boot.class.path" value="/Library/Java/JavaVirtualMachines/jdk1.8.0_40.jdk/Contents/Home/jre/lib/resources.jar:/Library/Java/JavaVirtualMachines/jdk1.8.0_40.jdk/Contents/Home/jre/lib/rt.jar:/Library/Java/JavaVirtualMachines/jdk1.8.0_40.jdk/Contents/Home/jre/lib/sunrsasign.jar:/Library/Java/JavaVirtualMachines/jdk1.8.0_40.jdk/Contents/Home/jre/lib/jsse.jar:/Library/Java/JavaVirtualMachines/jdk1.8.0_40.jdk/Contents/Home/jre/lib/jce.jar:/Library/Java/JavaVirtualMachines/jdk1.8.0_40.jdk/Contents/Home/jre/lib/charsets.jar:/Library/Java/JavaVirtualMachines/jdk1.8.0_40.jdk/Contents/Home/jre/lib/jfr.jar:/Library/Java/JavaVirtualMachines/jdk1.8.0_40.jdk/Contents/Home/jre/classes"/>
<property name="sun.boot.library.path" value="/Library/Java/JavaVirtualMachines/jdk1.8.0_40.jdk/Contents/Home/jre/lib"/>
<property name="sun.cpu.endian" value="little"/>
<property name="sun.cpu.isalist" value=""/>
<property name="sun.io.unicode.encoding" value="UnicodeBig"/>
<property name="sun.java.command" value="org.junit.platform.console.ConsoleLauncher --details NONE --scan-class-path /Users/eugene/Documents/workspace/tritandb-kt/build/classes/main:/Users/eugene/Documents/workspace/tritandb-kt/build/resources/main:/Users/eugene/Documents/workspace/tritandb-kt/build/classes/test:/Users/eugene/Documents/workspace/tritandb-kt/build/resources/test -n ^.*Tests?$ --reports-dir /Users/eugene/Documents/workspace/tritandb-kt/build/test-results/junit-platform"/>
<property name="sun.java.launcher" value="SUN_STANDARD"/>
<property name="sun.jnu.encoding" value="UTF-8"/>
<property name="sun.management.compiler" value="HotSpot 64-Bit Tiered Compilers"/>
<property name="sun.os.patch.level" value="unknown"/>
<property name="user.country" value="GB"/>
<property name="user.dir" value="/Users/eugene/Documents/workspace/tritandb-kt"/>
<property name="user.home" value="/Users/eugene"/>
<property name="user.language" value="en"/>
<property name="user.name" value="eugene"/>
<property name="user.timezone" value="Europe/London"/>
<property name="user.variant" value=""/>
</properties>
<testcase name="it should decode a similar sequence of rows of FP values" classname="on encoding a stream of rows of FP values" time="0.006">
<system-out><![CDATA[
unique-id: [engine:spek]/[spec:com.tritandb.engine.CompressorFpcTest]/[group:describe Test to compress a series of FP values]/[group:on encoding a stream of rows of FP values]/[test:it should decode a similar sequence of rows of FP values]
display-name: it should decode a similar sequence of rows of FP values
]]></system-out>
</testcase>
<testcase name="it should decode a similar sequence of rows of FP values" classname="on encoding a stream of rows of FP values" time="0.001">
<system-out><![CDATA[
unique-id: [engine:spek]/[spec:com.tritandb.engine.CompressorFpDeltaDeltaTest]/[group:describe Test to compress a series of FP values with delta detla]/[group:on encoding a stream of rows of FP values]/[test:it should decode a similar sequence of rows of FP values]
display-name: it should decode a similar sequence of rows of FP values
]]></system-out>
</testcase>
<testcase name="it should decode a similar sequence of rows of FP values" classname="on encoding a stream of rows of FP values" time="0.001">
<system-out><![CDATA[
unique-id: [engine:spek]/[spec:com.tritandb.engine.CompressorFpDeltaDeltaTest]/[group:describe Test to compress a complrex series of FP values with delta delta]/[group:on encoding a stream of rows of FP values]/[test:it should decode a similar sequence of rows of FP values]
display-name: it should decode a similar sequence of rows of FP values
]]></system-out>
</testcase>
<testcase name="it should decode the same sequence of rows of timestamps and values" classname="on encoding these rows of timestamps and values" time="0">
<system-out><![CDATA[
unique-id: [engine:spek]/[spec:com.tritandb.engine.CompressorMainTest]/[group:describe Test compressing a series of values and timestamps]/[group:on encoding these rows of timestamps and values]/[test:it should decode the same sequence of rows of timestamps and values]
display-name: it should decode the same sequence of rows of timestamps and values
]]></system-out>
</testcase>
<testcase name="it should decode the same sequence of timestamps" classname="on encoding a sequence of timestamps with varying deltas" time="0">
<system-out><![CDATA[
unique-id: [engine:spek]/[spec:com.tritandb.engine.CompressorTsTest]/[group:describe Test Delta_RLE_LEB128 timestamp encoding]/[group:on encoding a sequence of timestamps with varying deltas]/[test:it should decode the same sequence of timestamps]
display-name: it should decode the same sequence of timestamps
]]></system-out>
</testcase>
<testcase name="it should decode the same sequence of timestamps" classname="on encoding a sequence of timestamps with varying deltas" time="0">
<system-out><![CDATA[
unique-id: [engine:spek]/[spec:com.tritandb.engine.CompressorTsTest]/[group:describe Test Delta_RLE_RICE timestamp encoding]/[group:on encoding a sequence of timestamps with varying deltas]/[test:it should decode the same sequence of timestamps]
display-name: it should decode the same sequence of timestamps
]]></system-out>
</testcase>
<testcase name="it should return the same sequence of timestamps" classname="on encoding a sequence of timestamps with varying deltas" time="0">
<system-out><![CDATA[
unique-id: [engine:spek]/[spec:com.tritandb.engine.CompressorTsTest]/[group:describe Test Delta_RLE_RICE timestamp encoding with an actual IoT stream of timestamps from Shelburne]/[group:on encoding a sequence of timestamps with varying deltas]/[test:it should return the same sequence of timestamps]
display-name: it should return the same sequence of timestamps
]]></system-out>
</testcase>
<system-out><![CDATA[
unique-id: [engine:spek]
display-name: Spek
]]></system-out>
</testsuite>
